...found 3 targets...
...found 11 targets...
...updating 3 targets...
gcc.compile.c++ bin.v2/standalone/ac/gcc-gnu-6.3.0/release/threadapi-pthread/threading-multi/zlib_h.o
...updated 3 targets...
...found 5 targets...
...updating 2 targets...
gcc.compile.c++ bin.v2/standalone/ac/gcc-gnu-6.3.0/release/threadapi-pthread/threading-multi/main-z.o
gcc.link bin.v2/standalone/ac/gcc-gnu-6.3.0/release/threadapi-pthread/threading-multi/z
...updated 2 targets...
...found 5 targets...
...updating 1 target...
gcc.compile.c++ bin.v2/standalone/ac/gcc-gnu-6.3.0/release/threadapi-pthread/threading-multi/bzlib_h.o
bin.v2/standalone/ac/bzlib_h.cpp:1:19: fatal error: bzlib.h: No existe el fichero o el directorio
 #include <bzlib.h>
                   ^
compilation terminated.

    "g++"   -O3 -finline-functions -Wno-inline -Wall -pthread -fPIC -m64  -DNDEBUG   -c -o "bin.v2/standalone/ac/gcc-gnu-6.3.0/release/threadapi-pthread/threading-multi/bzlib_h.o" "bin.v2/standalone/ac/bzlib_h.cpp"

...failed gcc.compile.c++ bin.v2/standalone/ac/gcc-gnu-6.3.0/release/threadapi-pthread/threading-multi/bzlib_h.o...
...failed updating 1 target...
...found 5 targets...
...updating 2 targets...
gcc.compile.c++ bin.v2/standalone/ac/gcc-gnu-6.3.0/release/threadapi-pthread/threading-multi/main-bz2.o
gcc.link bin.v2/standalone/ac/gcc-gnu-6.3.0/release/threadapi-pthread/threading-multi/bz2
/usr/bin/ld: no se puede encontrar -lbz2
collect2: error: ld returned 1 exit status

    "g++"    -o "bin.v2/standalone/ac/gcc-gnu-6.3.0/release/threadapi-pthread/threading-multi/bz2" -Wl,--start-group "bin.v2/standalone/ac/gcc-gnu-6.3.0/release/threadapi-pthread/threading-multi/main-bz2.o"  -Wl,-Bstatic  -Wl,-Bdynamic -lbz2 -lrt -Wl,--end-group -pthread -fPIC -m64 

...failed gcc.link bin.v2/standalone/ac/gcc-gnu-6.3.0/release/threadapi-pthread/threading-multi/bz2...
...failed updating 1 target...
...updated 1 target...
...found 5 targets...
...updating 2 targets...
gcc.compile.c++ bin.v2/standalone/ac/gcc-gnu-6.3.0/release/link-static/threadapi-pthread/threading-multi/main-bz2.o
gcc.link bin.v2/standalone/ac/gcc-gnu-6.3.0/release/link-static/threadapi-pthread/threading-multi/bz2
/usr/bin/ld: no se puede encontrar -lbz2
collect2: error: ld returned 1 exit status

    "g++"    -o "bin.v2/standalone/ac/gcc-gnu-6.3.0/release/link-static/threadapi-pthread/threading-multi/bz2" -Wl,--start-group "bin.v2/standalone/ac/gcc-gnu-6.3.0/release/link-static/threadapi-pthread/threading-multi/main-bz2.o"  -Wl,-Bstatic -lbz2 -Wl,-Bdynamic -lrt -Wl,--end-group -pthread -m64 

...failed gcc.link bin.v2/standalone/ac/gcc-gnu-6.3.0/release/link-static/threadapi-pthread/threading-multi/bz2...
...failed updating 1 target...
...updated 1 target...
...found 5 targets...
...updating 1 target...
gcc.compile.c++ bin.v2/standalone/ac/gcc-gnu-6.3.0/release/threadapi-pthread/threading-multi/lzma_h.o
bin.v2/standalone/ac/lzma_h.cpp:1:18: fatal error: lzma.h: No existe el fichero o el directorio
 #include <lzma.h>
                  ^
compilation terminated.

    "g++"   -O3 -finline-functions -Wno-inline -Wall -pthread -fPIC -m64  -DNDEBUG   -c -o "bin.v2/standalone/ac/gcc-gnu-6.3.0/release/threadapi-pthread/threading-multi/lzma_h.o" "bin.v2/standalone/ac/lzma_h.cpp"

...failed gcc.compile.c++ bin.v2/standalone/ac/gcc-gnu-6.3.0/release/threadapi-pthread/threading-multi/lzma_h.o...
...failed updating 1 target...
...found 5 targets...
...updating 2 targets...
gcc.compile.c++ bin.v2/standalone/ac/gcc-gnu-6.3.0/release/threadapi-pthread/threading-multi/main-lzma.o
gcc.link bin.v2/standalone/ac/gcc-gnu-6.3.0/release/threadapi-pthread/threading-multi/lzma
/usr/bin/ld: no se puede encontrar -llzma
collect2: error: ld returned 1 exit status

    "g++"    -o "bin.v2/standalone/ac/gcc-gnu-6.3.0/release/threadapi-pthread/threading-multi/lzma" -Wl,--start-group "bin.v2/standalone/ac/gcc-gnu-6.3.0/release/threadapi-pthread/threading-multi/main-lzma.o"  -Wl,-Bstatic  -Wl,-Bdynamic -llzma -lrt -Wl,--end-group -pthread -fPIC -m64 

...failed gcc.link bin.v2/standalone/ac/gcc-gnu-6.3.0/release/threadapi-pthread/threading-multi/lzma...
...failed updating 1 target...
...updated 1 target...
...found 2 targets...
...updating 2 targets...
gcc.compile.c++ bin.v2/standalone/ac/gcc-gnu-6.3.0/release/link-static/threadapi-pthread/threading-multi/main-lzma.o
gcc.link bin.v2/standalone/ac/gcc-gnu-6.3.0/release/link-static/threadapi-pthread/threading-multi/lzma
/usr/bin/ld: no se puede encontrar -llzma
collect2: error: ld returned 1 exit status

    "g++"    -o "bin.v2/standalone/ac/gcc-gnu-6.3.0/release/link-static/threadapi-pthread/threading-multi/lzma" -Wl,--start-group "bin.v2/standalone/ac/gcc-gnu-6.3.0/release/link-static/threadapi-pthread/threading-multi/main-lzma.o"  -Wl,-Bstatic -llzma -Wl,-Bdynamic -lrt -Wl,--end-group -pthread -m64 

...failed gcc.link bin.v2/standalone/ac/gcc-gnu-6.3.0/release/link-static/threadapi-pthread/threading-multi/lzma...
...failed updating 1 target...
...updated 1 target...
...found 1 target...
...updating 1 target...
config-cache.write bin.v2/project-cache.jam
...updated 1 target...
